<?xml version="1.0" encoding="UTF-8"?>
<!-- Generated by org.testng.reporters.JUnitReportReporter -->
<testsuite skipped="0" hostname="JKLT" name="framework.testcases.LoginTest" tests="2" failures="0" timestamp="28 Apr 2020 02:42:01 GMT" time="6.147" errors="0">
  <testcase name="loginApp" time="5.299" classname="framework.testcases.LoginTest"/>
  <testcase name="loginApp1" time="0.848" classname="framework.testcases.LoginTest"/>
</testsuite> <!-- framework.testcases.LoginTest -->
